ISim log file
Running: C:\hlocal\Pract_04\ps2ReceiverTest_isim_beh.exe -intstyle ise -gui -tclbatch isim.cmd -wdb C:/hlocal/Pract_04/ps2ReceiverTest_isim_beh.wdb 
ISim P.15xf (signature 0xc3576ebc)
----------------------------------------------------------------------
INFO:Security:50 - The XILINXD_LICENSE_FILE environment variable is set to '1717@fdilicencias1.fdi.ucm.es;2100@fdilicencias1.fdi.ucm.es'.
INFO:Security:52 - The LM_LICENSE_FILE environment variable is set to '1717@fdilicencias1.fdi.ucm.es;2100@fdilicencias1.fdi.ucm.es'.
WARNING:Security:43 - No license file was found in the standard Xilinx license directory.
WARNING:Security:44 - Since no license file was found,
       please run the Xilinx License Configuration Manager
       (xlcm or "Manage Xilinx Licenses")
       to assist in obtaining a license.
WARNING:Security:42 - Your software subscription period has lapsed. Your current version of Xilinx tools will continue to function, but you no longer qualify for Xilinx software updates or new releases.


----------------------------------------------------------------------
This is a Full version of ISim.
Time resolution is 1 ps
# onerror resume
# wave add /
# run 1000 ns
Simulator is doing circuit initialization process.
Comienza la simulacion...
at 0 ps, Instance /ps2receivertest/ : Warning: La uut no se resetea adecuadamente
Finished circuit initialization process.
# run 600 ms
at 500000005 ns(1), Instance /ps2receivertest/ : Warning: La uut activa durante más de un ciclo la señal dataRdy
