Release 14.1 - xst P.15xf (nt64)
Copyright (c) 1995-2012 Xilinx, Inc.  All rights reserved.
--> Parameter TMPDIR set to xst/projnav.tmp


Total REAL time to Xst completion: 0.00 secs
Total CPU time to Xst completion: 0.13 secs
 
--> Parameter xsthdpdir set to xst


Total REAL time to Xst completion: 0.00 secs
Total CPU time to Xst completion: 0.15 secs
 
--> Reading design: lab1.prj

TABLE OF CONTENTS
  1) Synthesis Options Summary
  2) HDL Compilation
  3) Design Hierarchy Analysis
  4) HDL Analysis
  5) HDL Synthesis
     5.1) HDL Synthesis Report
  6) Advanced HDL Synthesis
     6.1) Advanced HDL Synthesis Report
  7) Low Level Synthesis
  8) Partition Report
  9) Final Report
	9.1) Device utilization summary
	9.2) Partition Resource Summary
	9.3) TIMING REPORT


=========================================================================
*                      Synthesis Options Summary                        *
=========================================================================
---- Source Parameters
Input File Name                    : "lab1.prj"
Input Format                       : mixed
Ignore Synthesis Constraint File   : NO

---- Target Parameters
Output File Name                   : "lab1"
Output Format                      : NGC
Target Device                      : xc3s1000-4-ft256

---- Source Options
Top Module Name                    : lab1
Automatic FSM Extraction           : YES
FSM Encoding Algorithm             : Auto
Safe Implementation                : No
FSM Style                          : LUT
RAM Extraction                     : Yes
RAM Style                          : Auto
ROM Extraction                     : Yes
Mux Style                          : Auto
Decoder Extraction                 : YES
Priority Encoder Extraction        : Yes
Shift Register Extraction          : YES
Logical Shifter Extraction         : YES
XOR Collapsing                     : YES
ROM Style                          : Auto
Mux Extraction                     : Yes
Resource Sharing                   : YES
Asynchronous To Synchronous        : NO
Multiplier Style                   : Auto
Automatic Register Balancing       : No

---- Target Options
Add IO Buffers                     : YES
Global Maximum Fanout              : 100000
Add Generic Clock Buffer(BUFG)     : 8
Register Duplication               : YES
Slice Packing                      : YES
Optimize Instantiated Primitives   : NO
Use Clock Enable                   : Yes
Use Synchronous Set                : Yes
Use Synchronous Reset              : Yes
Pack IO Registers into IOBs        : Auto
Equivalent register Removal        : YES

---- General Options
Optimization Goal                  : Speed
Optimization Effort                : 1
Keep Hierarchy                     : No
Netlist Hierarchy                  : As_Optimized
RTL Output                         : Yes
Global Optimization                : AllClockNets
Read Cores                         : YES
Write Timing Constraints           : NO
Cross Clock Analysis               : NO
Hierarchy Separator                : /
Bus Delimiter                      : <>
Case Specifier                     : Maintain
Slice Utilization Ratio            : 100
BRAM Utilization Ratio             : 100
Verilog 2001                       : YES
Auto BRAM Packing                  : NO
Slice Utilization Ratio Delta      : 5

=========================================================================


=========================================================================
*                          HDL Compilation                              *
=========================================================================
Compiling vhdl file "//alar.fdi.ucm.es/home/47471034/DAS/common/common.vhd" in Library work.
Architecture common of Entity common is up to date.
Compiling vhdl file "//alar.fdi.ucm.es/home/47471034/DAS/common/bin2segs.vhd" in Library work.
Architecture syn of Entity bin2segs is up to date.
Compiling vhdl file "//alar.fdi.ucm.es/home/47471034/DAS/p1/lab1.vhd" in Library work.
Entity <lab1> compiled.
Entity <lab1> (Architecture <syn>) compiled.

=========================================================================
*                     Design Hierarchy Analysis                         *
=========================================================================
Analyzing hierarchy for entity <lab1> in library <work> (architecture <syn>).

Analyzing hierarchy for entity <bin2segs> in library <work> (architecture <syn>).


=========================================================================
*                            HDL Analysis                               *
=========================================================================
Analyzing Entity <lab1> in library <work> (Architecture <syn>).
Entity <lab1> analyzed. Unit <lab1> generated.

Analyzing Entity <bin2segs> in library <work> (Architecture <syn>).
Entity <bin2segs> analyzed. Unit <bin2segs> generated.


=========================================================================
*                           HDL Synthesis                               *
=========================================================================

Performing bidirectional port resolution...

Synthesizing Unit <bin2segs>.
    Related source file is "//alar.fdi.ucm.es/home/47471034/DAS/common/bin2segs.vhd".
    Found 16x7-bit ROM for signal <bin$rom0000>.
    Summary:
	inferred   1 ROM(s).
Unit <bin2segs> synthesized.


Synthesizing Unit <lab1>.
    Related source file is "//alar.fdi.ucm.es/home/47471034/DAS/p1/lab1.vhd".
    Found 8-bit addsub for signal <result$addsub0000>.
    Found 4x4-bit multiplier for signal <result$mult0000> created at line 53.
    Summary:
	inferred   1 Adder/Subtractor(s).
	inferred   1 Multiplier(s).
Unit <lab1> synthesized.

INFO:Xst:1767 - HDL ADVISOR - Resource sharing has identified that some arithmetic operations in this design can share the same physical resources for reduced device utilization. For improved clock frequency you may try to disable resource sharing.

=========================================================================
HDL Synthesis Report

Macro Statistics
# ROMs                                                 : 3
 16x7-bit ROM                                          : 3
# Multipliers                                          : 1
 4x4-bit multiplier                                    : 1
# Adders/Subtractors                                   : 1
 8-bit addsub                                          : 1

=========================================================================

=========================================================================
*                       Advanced HDL Synthesis                          *
=========================================================================


=========================================================================
Advanced HDL Synthesis Report

Macro Statistics
# ROMs                                                 : 3
 16x7-bit ROM                                          : 3
# Multipliers                                          : 1
 4x4-bit multiplier                                    : 1
# Adders/Subtractors                                   : 1
 8-bit addsub                                          : 1

=========================================================================

=========================================================================
*                         Low Level Synthesis                           *
=========================================================================

Optimizing unit <lab1> ...

Mapping all equations...
Building and optimizing final netlist ...
Found area constraint ratio of 100 (+ 5) on block lab1, actual ratio is 0.

Final Macro Processing ...

=========================================================================
Final Register Report

Found no macro
=========================================================================

=========================================================================
*                           Partition Report                            *
=========================================================================

Partition Implementation Status
-------------------------------

  No Partitions were found in this design.

-------------------------------

=========================================================================
*                            Final Report                               *
=========================================================================
Final Results
RTL Top Level Output File Name     : lab1.ngr
Top Level Output File Name         : lab1
Output Format                      : NGC
Optimization Goal                  : Speed
Keep Hierarchy                     : No

Design Statistics
# IOs                              : 42

Cell Usage :
# BELS                             : 44
#      GND                         : 1
#      INV                         : 9
#      LUT2                        : 4
#      LUT3                        : 1
#      LUT4                        : 28
#      MUXF5                       : 1
# IO Buffers                       : 42
#      IBUF                        : 10
#      OBUF                        : 32
# MULTs                            : 1
#      MULT18X18                   : 1
=========================================================================

Device utilization summary:
---------------------------

Selected Device : 3s1000ft256-4 

 Number of Slices:                       18  out of   7680     0%  
 Number of 4 input LUTs:                 42  out of  15360     0%  
 Number of IOs:                          42
 Number of bonded IOBs:                  42  out of    173    24%  
 Number of MULT18X18s:                    1  out of     24     4%  

---------------------------
Partition Resource Summary:
---------------------------

  No Partitions were found in this design.

---------------------------


=========================================================================
TIMING REPORT

NOTE: THESE TIMING NUMBERS ARE ONLY A SYNTHESIS ESTIMATE.
      FOR ACCURATE TIMING INFORMATION PLEASE REFER TO THE TRACE REPORT
      GENERATED AFTER PLACE-and-ROUTE.

Clock Information:
------------------
No clock signals found in this design

Asynchronous Control Signals Information:
----------------------------------------
No asynchronous control signals found in this design

Timing Summary:
---------------
Speed Grade: -4

   Minimum period: No path found
   Minimum input arrival time before clock: No path found
   Maximum output required time after clock: No path found
   Maximum combinational path delay: 17.795ns

Timing Detail:
--------------
All values displayed in nanoseconds (ns)

=========================================================================
Timing constraint: Default path analysis
  Total number of paths / destination ports: 1567 / 29
-------------------------------------------------------------------------
Delay:               17.795ns (Levels of Logic = 8)
  Source:            pbs_n<1> (PAD)
  Destination:       leftSegs<6> (PAD)

  Data Path: pbs_n<1> to leftSegs<6>
                                Gate     Net
    Cell:in->out      fanout   Delay   Delay  Logical Name (Net Name)
    ----------------------------------------  ------------
     IBUF:I->O            17   0.821   1.684  pbs_n_1_IBUF (upSegs_1_OBUF)
     LUT4:I0->O            2   0.551   1.216  Maddsub_result_addsub0000_lut<1>1 (Maddsub_result_addsub0000_lut<1>)
     LUT4:I0->O            2   0.551   0.903  Maddsub_result_addsub0000_cy<1>11 (Maddsub_result_addsub0000_cy<1>)
     LUT4:I3->O            2   0.551   0.903  Maddsub_result_addsub0000_cy<2>11 (Maddsub_result_addsub0000_cy<2>)
     LUT4:I3->O            4   0.551   1.112  Maddsub_result_addsub0000_cy<3>11 (Maddsub_result_addsub0000_cy<3>)
     LUT4:I1->O            7   0.551   1.405  result<6>1 (result<6>)
     LUT4:I0->O            1   0.551   0.801  leftConverter/Mrom_bin_rom000061 (leftSegs_2_OBUF)
     OBUF:I->O                 5.644          leftSegs_2_OBUF (leftSegs<2>)
    ----------------------------------------
    Total                     17.795ns (9.771ns logic, 8.024ns route)
                                       (54.9% logic, 45.1% route)

=========================================================================


Total REAL time to Xst completion: 12.00 secs
Total CPU time to Xst completion: 11.26 secs
 
--> 

Total memory usage is 4532344 kilobytes

Number of errors   :    0 (   0 filtered)
Number of warnings :    0 (   0 filtered)
Number of infos    :    1 (   0 filtered)

